> Task :app:preBuild UP-TO-DATE
> Task :app:preDebugBuild UP-TO-DATE
> Task :app:mergeDebugNativeDebugMetadata NO-SOURCE
> Task :app:checkKotlinGradlePluginConfigurationErrors
> Task :app:dataBindingMergeDependencyArtifactsDebug UP-TO-DATE
> Task :app:generateDebugResValues UP-TO-DATE
> Task :app:generateDebugResources UP-TO-DATE
> Task :app:mergeDebugResources UP-TO-DATE
> Task :app:packageDebugResources UP-TO-DATE
> Task :app:parseDebugLocalResources UP-TO-DATE
> Task :app:dataBindingGenBaseClassesDebug UP-TO-DATE
> Task :app:generateSafeArgsDebug UP-TO-DATE
> Task :app:checkDebugAarMetadata UP-TO-DATE
> Task :app:mapDebugSourceSetPaths UP-TO-DATE
> Task :app:createDebugCompatibleScreenManifests UP-TO-DATE
> Task :app:extractDeepLinksDebug UP-TO-DATE
> Task :app:processDebugMainManifest UP-TO-DATE
> Task :app:processDebugManifest UP-TO-DATE
> Task :app:processDebugManifestForPackage UP-TO-DATE
> Task :app:processDebugResources UP-TO-DATE
> Task :app:kaptGenerateStubsDebugKotlin UP-TO-DATE
> Task :app:kaptDebugKotlin UP-TO-DATE
> Task :app:javaPreCompileDebug UP-TO-DATE
> Task :app:mergeDebugShaders UP-TO-DATE
> Task :app:compileDebugShaders NO-SOURCE
> Task :app:generateDebugAssets UP-TO-DATE
> Task :app:mergeDebugAssets UP-TO-DATE
> Task :app:compressDebugAssets UP-TO-DATE
> Task :app:desugarDebugFileDependencies UP-TO-DATE
> Task :app:checkDebugDuplicateClasses UP-TO-DATE
> Task :app:mergeDebugStartupProfile UP-TO-DATE
> Task :app:mergeExtDexDebug UP-TO-DATE
> Task :app:mergeLibDexDebug UP-TO-DATE
> Task :app:mergeDebugJniLibFolders UP-TO-DATE
> Task :app:mergeDebugNativeLibs NO-SOURCE
> Task :app:stripDebugDebugSymbols NO-SOURCE
> Task :app:validateSigningDebug UP-TO-DATE
> Task :app:writeDebugAppMetadata UP-TO-DATE
> Task :app:writeDebugSigningConfigVersions UP-TO-DATE

> Task :app:compileDebugKotlin FAILED
.\gradlew.bat : e: file:///E:/Android/app/src/main/java/com/
example/pos/ui/expense/ExpenseFragment.kt:127:52 Unresolved 
reference: Expense
At line:1 char:1
+ .\gradlew.bat assembleDebug > build_output.txt 2>&1
+ ~~~~~~~~~~~~~~~~~~~~~~~~~~~~~~~~~~~~~~~~~~~~~~~~~~~
    + CategoryInfo          : NotSpecified: (e: file:///E:/ 
   A...erence: Expense:String) [], RemoteException
    + FullyQualifiedErrorId : NativeCommandError
 
e: file:///E:/Android/app/src/main/java/com/example/pos/ui/e
xpense/ExpenseFragment.kt:130:51 Not enough information to 
infer type variable R
e: file:///E:/Android/app/src/main/java/com/example/pos/ui/e
xpense/ExpenseFragment.kt:133:20 Overload resolution 
ambiguity: 
public inline fun <T> 
Iterable<TypeVariable(T)>.forEach(action: (TypeVariable(T)) 
-> Unit): Unit defined in kotlin.collections
public inline fun <K, V> Map<out TypeVariable(K), 
TypeVariable(V)>.forEach(action: 
(Map.Entry<TypeVariable(K), TypeVariable(V)>) -> Unit): 
Unit defined in kotlin.collections
e: file:///E:/Android/app/src/main/java/com/example/pos/ui/e
xpense/ExpenseFragment.kt:133:30 Cannot infer a type for 
this parameter. Please specify it explicitly.
e: file:///E:/Android/app/src/main/java/com/example/pos/ui/e
xpense/ExpenseFragment.kt:146:44 Unresolved reference: 
Expense
e: file:///E:/Android/app/src/main/java/com/example/pos/ui/e
xpense/ExpenseFragment.kt:152:32 Not enough information to 
infer type variable R
e: file:///E:/Android/app/src/main/java/com/example/pos/ui/e
xpense/ExpenseFragment.kt:153:76 Unresolved reference: it
e: file:///E:/Android/app/src/main/java/com/example/pos/ui/e
xpense/ExpenseFragment.kt:154:20 Cannot infer a type for 
this parameter. Please specify it explicitly.
e: file:///E:/Android/app/src/main/java/com/example/pos/ui/e
xpense/ExpenseFragment.kt:155:43 Unresolved reference: it
e: file:///E:/Android/app/src/main/java/com/example/pos/ui/e
xpense/ExpenseFragment.kt:159:48 Cannot infer a type for 
this parameter. Please specify it explicitly.
e: file:///E:/Android/app/src/main/java/com/example/pos/ui/e
xpense/ExpenseFragment.kt:159:55 Cannot infer a type for 
this parameter. Please specify it explicitly.

FAILURE: Build failed with an exception.

* What went wrong:
Execution failed for task ':app:compileDebugKotlin'.
> A failure occurred while executing org.jetbrains.kotlin.co
mpilerRunner.GradleCompilerRunnerWithWorkers$GradleKotlinCom
pilerWorkAction
   > Compilation error. See log for more details

* Try:
> Run with --stacktrace option to get the stack trace.
> Run with --info or --debug option to get more log output.
> Run with --scan to get full insights.
> Get more help at https://help.gradle.org.

BUILD FAILED in 28s
33 actionable tasks: 2 executed, 31 up-to-date
