> Task :app:checkKotlinGradlePluginConfigurationErrors
> Task :app:preBuild UP-TO-DATE
> Task :app:preDebugBuild UP-TO-DATE
> Task :app:dataBindingMergeDependencyArtifactsDebug UP-TO-DATE
> Task :app:generateDebugResValues UP-TO-DATE
> Task :app:generateDebugResources UP-TO-DATE
> Task :app:mergeDebugResources UP-TO-DATE
> Task :app:packageDebugResources UP-TO-DATE
> Task :app:parseDebugLocalResources UP-TO-DATE
> Task :app:dataBindingGenBaseClassesDebug UP-TO-DATE
> Task :app:checkDebugAarMetadata UP-TO-DATE
> Task :app:mapDebugSourceSetPaths UP-TO-DATE
> Task :app:createDebugCompatibleScreenManifests UP-TO-DATE
> Task :app:extractDeepLinksDebug UP-TO-DATE
> Task :app:processDebugMainManifest UP-TO-DATE
> Task :app:processDebugManifest UP-TO-DATE
> Task :app:processDebugManifestForPackage UP-TO-DATE
> Task :app:processDebugResources UP-TO-DATE
> Task :app:kaptGenerateStubsDebugKotlin UP-TO-DATE
> Task :app:kaptDebugKotlin UP-TO-DATE

> Task :app:compileDebugKotlin
.\gradlew : e: file:///E:/Android/app/src/main/java/co
m/example/pos/ui/category/CategoryFragment.kt:65:47 
Unresolved reference: R
At line:1 char:1
+ .\gradlew compileDebugKotlin *>&1 | Out-File 
-FilePath build_errors_5 ...
+ ~~~~~~~~~~~~~~~~~~~~~~~~~~~~~~~~~
    + CategoryInfo          : NotSpecified: (e: file: 
   ///E:/A...ed reference: R:String) [], RemoteExcep  
  tion
    + FullyQualifiedErrorId : NativeCommandError
 
e: file:///E:/Android/app/src/main/java/com/example/po
s/ui/category/CategoryFragment.kt:66:23 Unresolved 
reference: R
e: file:///E:/Android/app/src/main/java/com/example/po
s/ui/category/CategoryFragment.kt:68:32 Unresolved 
reference: R
e: file:///E:/Android/app/src/main/java/com/example/po
s/ui/category/CategoryFragment.kt:68:58 Cannot infer 
a type for this parameter. Please specify it 
explicitly.
e: file:///E:/Android/app/src/main/java/com/example/po
s/ui/category/CategoryFragment.kt:68:61 Cannot infer 
a type for this parameter. Please specify it 
explicitly.
e: file:///E:/Android/app/src/main/java/com/example/po
s/ui/category/CategoryFragment.kt:71:32 Unresolved 
reference: R
e: file:///E:/Android/app/src/main/java/com/example/po
s/ui/product/ProductFragment.kt:65:47 Unresolved 
reference: R
e: file:///E:/Android/app/src/main/java/com/example/po
s/ui/product/ProductFragment.kt:66:23 Unresolved 
reference: R
e: file:///E:/Android/app/src/main/java/com/example/po
s/ui/product/ProductFragment.kt:68:32 Unresolved 
reference: R
e: file:///E:/Android/app/src/main/java/com/example/po
s/ui/product/ProductFragment.kt:68:58 Cannot infer a 
type for this parameter. Please specify it explicitly.
e: file:///E:/Android/app/src/main/java/com/example/po
s/ui/product/ProductFragment.kt:68:61 Cannot infer a 
type for this parameter. Please specify it explicitly.
e: file:///E:/Android/app/src/main/java/com/example/po
s/ui/product/ProductFragment.kt:71:32 Unresolved 
reference: R

> Task :app:compileDebugKotlin FAILED

FAILURE: Build failed with an exception.

* What went wrong:
Execution failed for task ':app:compileDebugKotlin'.
> A failure occurred while executing org.jetbrains.kot
lin.compilerRunner.GradleCompilerRunnerWithWorkers$Gra
dleKotlinCompilerWorkAction
   > Compilation error. See log for more details

* Try:
> Run with --stacktrace option to get the stack trace.
> Run with --info or --debug option to get more log 
output.
> Run with --scan to get full insights.
> Get more help at https://help.gradle.org.

BUILD FAILED in 4s
19 actionable tasks: 2 executed, 17 up-to-date
